This file contains any messages produced by compilers while
running configure, to aid debugging if configure makes a mistake.

It was created by TissueStack configure 1.0, which was
generated by GNU Autoconf 2.67.  Invocation command line was

  $ ./configure --no-create --no-recursion

## --------- ##
## Platform. ##
## --------- ##

hostname = cai-george.cai.uq.edu.au
uname -m = x86_64
uname -r = 2.6.35-32-generic
uname -s = Linux
uname -v = #67-Ubuntu SMP Mon Mar 5 19:39:49 UTC 2012

/usr/bin/uname -p = unknown
/bin/uname -X     = unknown

/bin/arch              = unknown
/usr/bin/arch -k       = unknown
/usr/convex/getsysinfo = unknown
/usr/bin/hostinfo      = unknown
/bin/machine           = unknown
/usr/bin/oslevel       = unknown
/bin/universe          = unknown

PATH: /data/home/harald/bin
PATH: /usr/local/sbin
PATH: /usr/local/bin
PATH: /usr/sbin
PATH: /usr/bin
PATH: /sbin
PATH: /bin
PATH: /usr/games
PATH: /data/home/harald/FWTools-linux-x86_64-3.1.0/bin_safe
PATH: /data/home/harald/bin
PATH: /usr/local/bic/bin
PATH: /data/home/harald/bin
PATH: /data/home/rotor/opt/amd64_bin


## ----------- ##
## Core tests. ##
## ----------- ##

configure:2402: checking for a BSD-compatible install
configure:2470: result: /usr/bin/install -c
configure:2481: checking whether build environment is sane
configure:2531: result: yes
configure:2672: checking for a thread-safe mkdir -p
configure:2711: result: /bin/mkdir -p
configure:2724: checking for gawk
configure:2754: result: no
configure:2724: checking for mawk
configure:2740: found /usr/bin/mawk
configure:2751: result: mawk
configure:2762: checking whether make sets $(MAKE)
configure:2784: result: yes
configure:2897: checking build system type
configure:2911: result: x86_64-unknown-linux-gnu
configure:2931: checking host system type
configure:2944: result: x86_64-unknown-linux-gnu
configure:2976: checking for style of include used by make
configure:3004: result: GNU
configure:3074: checking for gcc
configure:3090: found /usr/bin/gcc
configure:3101: result: gcc
configure:3330: checking for C compiler version
configure:3339: gcc --version >&5
gcc (Ubuntu/Linaro 4.4.4-14ubuntu5.1) 4.4.5
Copyright (C) 2010 Free Software Foundation, Inc.
This is free software; see the source for copying conditions.  There is NO
warranty; not even for MERCHANTABILITY or FITNESS FOR A PARTICULAR PURPOSE.

configure:3350: $? = 0
configure:3339: gcc -v >&5
Using built-in specs.
Target: x86_64-linux-gnu
Configured with: ../src/configure -v --with-pkgversion='Ubuntu/Linaro 4.4.4-14ubuntu5.1' --with-bugurl=file:///usr/share/doc/gcc-4.4/README.Bugs --enable-languages=c,c++,fortran,objc,obj-c++ --prefix=/usr --program-suffix=-4.4 --enable-shared --enable-multiarch --enable-linker-build-id --with-system-zlib --libexecdir=/usr/lib --without-included-gettext --enable-threads=posix --with-gxx-include-dir=/usr/include/c++/4.4 --libdir=/usr/lib --enable-nls --with-sysroot=/ --enable-clocale=gnu --enable-libstdcxx-debug --enable-objc-gc --disable-werror --with-arch-32=i686 --with-tune=generic --enable-checking=release --build=x86_64-linux-gnu --host=x86_64-linux-gnu --target=x86_64-linux-gnu
Thread model: posix
gcc version 4.4.5 (Ubuntu/Linaro 4.4.4-14ubuntu5.1) 
configure:3350: $? = 0
configure:3339: gcc -V >&5
gcc: '-V' option must have argument
configure:3350: $? = 1
configure:3339: gcc -qversion >&5
gcc: unrecognized option '-qversion'
gcc: no input files
configure:3350: $? = 1
configure:3370: checking whether the C compiler works
configure:3392: gcc    conftest.c  >&5
configure:3396: $? = 0
configure:3444: result: yes
configure:3447: checking for C compiler default output file name
configure:3449: result: a.out
configure:3455: checking for suffix of executables
configure:3462: gcc -o conftest    conftest.c  >&5
configure:3466: $? = 0
configure:3488: result: 
configure:3510: checking whether we are cross compiling
configure:3518: gcc -o conftest    conftest.c  >&5
configure:3522: $? = 0
configure:3529: ./conftest
configure:3533: $? = 0
configure:3548: result: no
configure:3553: checking for suffix of object files
configure:3575: gcc -c   conftest.c >&5
configure:3579: $? = 0
configure:3600: result: o
configure:3604: checking whether we are using the GNU C compiler
configure:3623: gcc -c   conftest.c >&5
configure:3623: $? = 0
configure:3632: result: yes
configure:3641: checking whether gcc accepts -g
configure:3661: gcc -c -g  conftest.c >&5
configure:3661: $? = 0
configure:3702: result: yes
configure:3719: checking for gcc option to accept ISO C89
configure:3783: gcc  -c -g -O2  conftest.c >&5
configure:3783: $? = 0
configure:3796: result: none needed
configure:3818: checking dependency style of gcc
configure:3928: result: gcc3
configure:3943: checking for a sed that does not truncate output
configure:4007: result: /bin/sed
configure:4025: checking for grep that handles long lines and -e
configure:4083: result: /bin/grep
configure:4088: checking for egrep
configure:4150: result: /bin/grep -E
configure:4155: checking for fgrep
configure:4217: result: /bin/grep -F
configure:4252: checking for ld used by gcc
configure:4319: result: /usr/bin/ld
configure:4326: checking if the linker (/usr/bin/ld) is GNU ld
configure:4341: result: yes
configure:4353: checking for BSD- or MS-compatible name lister (nm)
configure:4402: result: /usr/bin/nm -B
configure:4520: checking the name lister (/usr/bin/nm -B) interface
configure:4527: gcc -c -g -O2  conftest.c >&5
configure:4530: /usr/bin/nm -B "conftest.o"
configure:4533: output
0000000000000000 B some_variable
configure:4540: result: BSD nm
configure:4543: checking whether ln -s works
configure:4547: result: yes
configure:4555: checking the maximum length of command line arguments
configure:4675: result: 3458764513820540925
configure:4692: checking whether the shell understands some XSI constructs
configure:4702: result: yes
configure:4706: checking whether the shell understands "+="
configure:4712: result: yes
configure:4747: checking for /usr/bin/ld option to reload object files
configure:4754: result: -r
configure:4823: checking for objdump
configure:4839: found /usr/bin/objdump
configure:4850: result: objdump
configure:4882: checking how to recognize dependent libraries
configure:5078: result: pass_all
configure:5138: checking for ar
configure:5154: found /usr/bin/ar
configure:5165: result: ar
configure:5243: checking for strip
configure:5259: found /usr/bin/strip
configure:5270: result: strip
configure:5342: checking for ranlib
configure:5358: found /usr/bin/ranlib
configure:5369: result: ranlib
configure:5459: checking command to parse /usr/bin/nm -B output from gcc object
configure:5577: gcc -c -g -O2  conftest.c >&5
configure:5580: $? = 0
configure:5584: /usr/bin/nm -B conftest.o \| sed -n -e 's/^.*[	 ]\([ABCDGIRSTW][ABCDGIRSTW]*\)[	 ][	 ]*\([_A-Za-z][_A-Za-z0-9]*\)$/\1 \2 \2/p' \> conftest.nm
configure:5587: $? = 0
configure:5641: gcc -o conftest -g -O2   conftest.c conftstm.o >&5
configure:5644: $? = 0
configure:5682: result: ok
configure:5778: gcc -c -g -O2  conftest.c >&5
configure:5781: $? = 0
configure:6491: checking how to run the C preprocessor
configure:6522: gcc -E  conftest.c
configure:6522: $? = 0
configure:6536: gcc -E  conftest.c
conftest.c:11: fatal error: ac_nonexistent.h: No such file or directory
compilation terminated.
configure:6536: $? = 1
configure: failed program was:
| /* confdefs.h */
| #define PACKAGE_NAME "TissueStack"
| #define PACKAGE_TARNAME "tissuestack"
| #define PACKAGE_VERSION "1.0"
| #define PACKAGE_STRING "TissueStack 1.0"
| #define PACKAGE_BUGREPORT "harald.waxenegger@gmail.com"
| #define PACKAGE_URL ""
| #define PACKAGE "tissuestack"
| #define VERSION "1.0"
| /* end confdefs.h.  */
| #include <ac_nonexistent.h>
configure:6561: result: gcc -E
configure:6581: gcc -E  conftest.c
configure:6581: $? = 0
configure:6595: gcc -E  conftest.c
conftest.c:11: fatal error: ac_nonexistent.h: No such file or directory
compilation terminated.
configure:6595: $? = 1
configure: failed program was:
| /* confdefs.h */
| #define PACKAGE_NAME "TissueStack"
| #define PACKAGE_TARNAME "tissuestack"
| #define PACKAGE_VERSION "1.0"
| #define PACKAGE_STRING "TissueStack 1.0"
| #define PACKAGE_BUGREPORT "harald.waxenegger@gmail.com"
| #define PACKAGE_URL ""
| #define PACKAGE "tissuestack"
| #define VERSION "1.0"
| /* end confdefs.h.  */
| #include <ac_nonexistent.h>
configure:6624: checking for ANSI C header files
configure:6644: gcc -c -g -O2  conftest.c >&5
configure:6644: $? = 0
configure:6717: gcc -o conftest -g -O2   conftest.c  >&5
configure:6717: $? = 0
configure:6717: ./conftest
configure:6717: $? = 0
configure:6728: result: yes
configure:6741: checking for sys/types.h
configure:6741: gcc -c -g -O2  conftest.c >&5
configure:6741: $? = 0
configure:6741: result: yes
configure:6741: checking for sys/stat.h
configure:6741: gcc -c -g -O2  conftest.c >&5
configure:6741: $? = 0
configure:6741: result: yes
configure:6741: checking for stdlib.h
configure:6741: gcc -c -g -O2  conftest.c >&5
configure:6741: $? = 0
configure:6741: result: yes
configure:6741: checking for string.h
configure:6741: gcc -c -g -O2  conftest.c >&5
configure:6741: $? = 0
configure:6741: result: yes
configure:6741: checking for memory.h
configure:6741: gcc -c -g -O2  conftest.c >&5
configure:6741: $? = 0
configure:6741: result: yes
configure:6741: checking for strings.h
configure:6741: gcc -c -g -O2  conftest.c >&5
configure:6741: $? = 0
configure:6741: result: yes
configure:6741: checking for inttypes.h
configure:6741: gcc -c -g -O2  conftest.c >&5
configure:6741: $? = 0
configure:6741: result: yes
configure:6741: checking for stdint.h
configure:6741: gcc -c -g -O2  conftest.c >&5
configure:6741: $? = 0
configure:6741: result: yes
configure:6741: checking for unistd.h
configure:6741: gcc -c -g -O2  conftest.c >&5
configure:6741: $? = 0
configure:6741: result: yes
configure:6755: checking for dlfcn.h
configure:6755: gcc -c -g -O2  conftest.c >&5
configure:6755: $? = 0
configure:6755: result: yes
configure:6939: checking for objdir
configure:6954: result: .libs
configure:7246: checking if gcc supports -fno-rtti -fno-exceptions
configure:7264: gcc -c -g -O2  -fno-rtti -fno-exceptions conftest.c >&5
cc1: warning: command line option "-fno-rtti" is valid for C++/ObjC++ but not for C
configure:7268: $? = 0
configure:7281: result: no
configure:7301: checking for gcc option to produce PIC
configure:7573: result: -fPIC -DPIC
configure:7585: checking if gcc PIC flag -fPIC -DPIC works
configure:7603: gcc -c -g -O2  -fPIC -DPIC -DPIC conftest.c >&5
configure:7607: $? = 0
configure:7620: result: yes
configure:7644: checking if gcc static flag -static works
configure:7672: result: yes
configure:7687: checking if gcc supports -c -o file.o
configure:7708: gcc -c -g -O2  -o out/conftest2.o conftest.c >&5
configure:7712: $? = 0
configure:7734: result: yes
configure:7742: checking if gcc supports -c -o file.o
configure:7789: result: yes
configure:7822: checking whether the gcc linker (/usr/bin/ld -m elf_x86_64) supports shared libraries
configure:8813: result: yes
configure:8850: checking whether -lc should be explicitly linked in
configure:8855: gcc -c -g -O2  conftest.c >&5
configure:8858: $? = 0
configure:8873: gcc -shared conftest.o  -v -Wl,-soname -Wl,conftest -o conftest 2\>\&1 \| /bin/grep  -lc  \>/dev/null 2\>\&1
configure:8876: $? = 0
configure:8888: result: no
configure:9052: checking dynamic linker characteristics
configure:9485: gcc -o conftest -g -O2   -Wl,-rpath -Wl,/foo conftest.c  >&5
configure:9485: $? = 0
configure:9715: result: GNU/Linux ld.so
configure:9817: checking how to hardcode library paths into programs
configure:9842: result: immediate
configure:10362: checking whether stripping libraries is possible
configure:10367: result: yes
configure:10402: checking if libtool supports shared libraries
configure:10404: result: yes
configure:10407: checking whether to build shared libraries
configure:10428: result: yes
configure:10431: checking whether to build static libraries
configure:10435: result: yes
configure:10533: checking for g++
configure:10549: found /usr/bin/g++
configure:10560: result: g++
configure:10587: checking for C++ compiler version
configure:10596: g++ --version >&5
g++ (Ubuntu/Linaro 4.4.4-14ubuntu5.1) 4.4.5
Copyright (C) 2010 Free Software Foundation, Inc.
This is free software; see the source for copying conditions.  There is NO
warranty; not even for MERCHANTABILITY or FITNESS FOR A PARTICULAR PURPOSE.

configure:10607: $? = 0
configure:10596: g++ -v >&5
Using built-in specs.
Target: x86_64-linux-gnu
Configured with: ../src/configure -v --with-pkgversion='Ubuntu/Linaro 4.4.4-14ubuntu5.1' --with-bugurl=file:///usr/share/doc/gcc-4.4/README.Bugs --enable-languages=c,c++,fortran,objc,obj-c++ --prefix=/usr --program-suffix=-4.4 --enable-shared --enable-multiarch --enable-linker-build-id --with-system-zlib --libexecdir=/usr/lib --without-included-gettext --enable-threads=posix --with-gxx-include-dir=/usr/include/c++/4.4 --libdir=/usr/lib --enable-nls --with-sysroot=/ --enable-clocale=gnu --enable-libstdcxx-debug --enable-objc-gc --disable-werror --with-arch-32=i686 --with-tune=generic --enable-checking=release --build=x86_64-linux-gnu --host=x86_64-linux-gnu --target=x86_64-linux-gnu
Thread model: posix
gcc version 4.4.5 (Ubuntu/Linaro 4.4.4-14ubuntu5.1) 
configure:10607: $? = 0
configure:10596: g++ -V >&5
g++: '-V' option must have argument
configure:10607: $? = 1
configure:10596: g++ -qversion >&5
g++: unrecognized option '-qversion'
g++: no input files
configure:10607: $? = 1
configure:10611: checking whether we are using the GNU C++ compiler
configure:10630: g++ -c  -g -Wall -lstdc++ -lm -shared  conftest.cpp >&5
configure:10630: $? = 0
configure:10639: result: yes
configure:10648: checking whether g++ accepts -g
configure:10668: g++ -c -g  conftest.cpp >&5
configure:10668: $? = 0
configure:10709: result: yes
configure:10734: checking dependency style of g++
configure:10844: result: gcc3
configure:10972: checking for C++ compiler version
configure:10981: g++ --version >&5
g++ (Ubuntu/Linaro 4.4.4-14ubuntu5.1) 4.4.5
Copyright (C) 2010 Free Software Foundation, Inc.
This is free software; see the source for copying conditions.  There is NO
warranty; not even for MERCHANTABILITY or FITNESS FOR A PARTICULAR PURPOSE.

configure:10992: $? = 0
configure:10981: g++ -v >&5
Using built-in specs.
Target: x86_64-linux-gnu
Configured with: ../src/configure -v --with-pkgversion='Ubuntu/Linaro 4.4.4-14ubuntu5.1' --with-bugurl=file:///usr/share/doc/gcc-4.4/README.Bugs --enable-languages=c,c++,fortran,objc,obj-c++ --prefix=/usr --program-suffix=-4.4 --enable-shared --enable-multiarch --enable-linker-build-id --with-system-zlib --libexecdir=/usr/lib --without-included-gettext --enable-threads=posix --with-gxx-include-dir=/usr/include/c++/4.4 --libdir=/usr/lib --enable-nls --with-sysroot=/ --enable-clocale=gnu --enable-libstdcxx-debug --enable-objc-gc --disable-werror --with-arch-32=i686 --with-tune=generic --enable-checking=release --build=x86_64-linux-gnu --host=x86_64-linux-gnu --target=x86_64-linux-gnu
Thread model: posix
gcc version 4.4.5 (Ubuntu/Linaro 4.4.4-14ubuntu5.1) 
configure:10992: $? = 0
configure:10981: g++ -V >&5
g++: '-V' option must have argument
configure:10992: $? = 1
configure:10981: g++ -qversion >&5
g++: unrecognized option '-qversion'
g++: no input files
configure:10992: $? = 1
configure:10996: checking whether we are using the GNU C++ compiler
configure:11024: result: yes
configure:11033: checking whether g++ accepts -g
configure:11094: result: yes
configure:11119: checking dependency style of g++
configure:11229: result: gcc3
configure:11252: checking how to run the C++ preprocessor
configure:11279: g++ -E  conftest.cpp
configure:11279: $? = 0
configure:11293: g++ -E  conftest.cpp
conftest.cpp:23: fatal error: ac_nonexistent.h: No such file or directory
compilation terminated.
configure:11293: $? = 1
configure: failed program was:
| /* confdefs.h */
| #define PACKAGE_NAME "TissueStack"
| #define PACKAGE_TARNAME "tissuestack"
| #define PACKAGE_VERSION "1.0"
| #define PACKAGE_STRING "TissueStack 1.0"
| #define PACKAGE_BUGREPORT "harald.waxenegger@gmail.com"
| #define PACKAGE_URL ""
| #define PACKAGE "tissuestack"
| #define VERSION "1.0"
| #define STDC_HEADERS 1
| #define HAVE_SYS_TYPES_H 1
| #define HAVE_SYS_STAT_H 1
| #define HAVE_STDLIB_H 1
| #define HAVE_STRING_H 1
| #define HAVE_MEMORY_H 1
| #define HAVE_STRINGS_H 1
| #define HAVE_INTTYPES_H 1
| #define HAVE_STDINT_H 1
| #define HAVE_UNISTD_H 1
| #define HAVE_DLFCN_H 1
| #define LT_OBJDIR ".libs/"
| /* end confdefs.h.  */
| #include <ac_nonexistent.h>
configure:11318: result: g++ -E
configure:11338: g++ -E  conftest.cpp
configure:11338: $? = 0
configure:11352: g++ -E  conftest.cpp
conftest.cpp:23: fatal error: ac_nonexistent.h: No such file or directory
compilation terminated.
configure:11352: $? = 1
configure: failed program was:
| /* confdefs.h */
| #define PACKAGE_NAME "TissueStack"
| #define PACKAGE_TARNAME "tissuestack"
| #define PACKAGE_VERSION "1.0"
| #define PACKAGE_STRING "TissueStack 1.0"
| #define PACKAGE_BUGREPORT "harald.waxenegger@gmail.com"
| #define PACKAGE_URL ""
| #define PACKAGE "tissuestack"
| #define VERSION "1.0"
| #define STDC_HEADERS 1
| #define HAVE_SYS_TYPES_H 1
| #define HAVE_SYS_STAT_H 1
| #define HAVE_STDLIB_H 1
| #define HAVE_STRING_H 1
| #define HAVE_MEMORY_H 1
| #define HAVE_STRINGS_H 1
| #define HAVE_INTTYPES_H 1
| #define HAVE_STDINT_H 1
| #define HAVE_UNISTD_H 1
| #define HAVE_DLFCN_H 1
| #define LT_OBJDIR ".libs/"
| /* end confdefs.h.  */
| #include <ac_nonexistent.h>
configure:11520: checking for ld used by g++
configure:11587: result: /usr/bin/ld -m elf_x86_64
configure:11594: checking if the linker (/usr/bin/ld -m elf_x86_64) is GNU ld
configure:11609: result: yes
configure:11664: checking whether the g++ linker (/usr/bin/ld -m elf_x86_64) supports shared libraries
configure:12577: result: yes
configure:12605: g++ -c  -g -Wall -lstdc++ -lm -shared  conftest.cpp >&5
configure:12608: $? = 0
configure:12790: checking for g++ option to produce PIC
configure:13107: result: -fPIC -DPIC
configure:13116: checking if g++ PIC flag -fPIC -DPIC works
configure:13134: g++ -c  -g -Wall -lstdc++ -lm -shared  -fPIC -DPIC -DPIC conftest.cpp >&5
configure:13138: $? = 0
configure:13151: result: yes
configure:13172: checking if g++ static flag -static works
configure:13200: result: no
configure:13212: checking if g++ supports -c -o file.o
configure:13233: g++ -c  -g -Wall -lstdc++ -lm -shared  -o out/conftest2.o conftest.cpp >&5
configure:13237: $? = 0
configure:13259: result: yes
configure:13264: checking if g++ supports -c -o file.o
configure:13311: result: yes
configure:13341: checking whether the g++ linker (/usr/bin/ld -m elf_x86_64) supports shared libraries
configure:13370: result: yes
configure:13507: checking dynamic linker characteristics
configure:13888: g++ -o conftest  -g -Wall -lstdc++ -lm -shared   -Wl,-rpath -Wl,/foo conftest.cpp  >&5
/usr/bin/ld: /tmp/ccW7DNoz.o: relocation R_X86_64_32 against `__gxx_personality_v0@@CXXABI_1.3' can not be used when making a shared object; recompile with -fPIC
/tmp/ccW7DNoz.o: could not read symbols: Bad value
collect2: ld returned 1 exit status
configure:13888: $? = 1
configure: failed program was:
| /* confdefs.h */
| #define PACKAGE_NAME "TissueStack"
| #define PACKAGE_TARNAME "tissuestack"
| #define PACKAGE_VERSION "1.0"
| #define PACKAGE_STRING "TissueStack 1.0"
| #define PACKAGE_BUGREPORT "harald.waxenegger@gmail.com"
| #define PACKAGE_URL ""
| #define PACKAGE "tissuestack"
| #define VERSION "1.0"
| #define STDC_HEADERS 1
| #define HAVE_SYS_TYPES_H 1
| #define HAVE_SYS_STAT_H 1
| #define HAVE_STDLIB_H 1
| #define HAVE_STRING_H 1
| #define HAVE_MEMORY_H 1
| #define HAVE_STRINGS_H 1
| #define HAVE_INTTYPES_H 1
| #define HAVE_STDINT_H 1
| #define HAVE_UNISTD_H 1
| #define HAVE_DLFCN_H 1
| #define LT_OBJDIR ".libs/"
| /* end confdefs.h.  */
| 
| int
| main ()
| {
| 
|   ;
|   return 0;
| }
configure:14118: result: GNU/Linux ld.so
configure:14169: checking how to hardcode library paths into programs
configure:14194: result: immediate
configure:14433: creating ./config.status

## ---------------- ##
## Cache variables. ##
## ---------------- ##

ac_cv_build=x86_64-unknown-linux-gnu
ac_cv_c_compiler_gnu=yes
ac_cv_cxx_compiler_gnu=yes
ac_cv_env_CCC_set=
ac_cv_env_CCC_value=
ac_cv_env_CC_set=
ac_cv_env_CC_value=
ac_cv_env_CFLAGS_set=
ac_cv_env_CFLAGS_value=
ac_cv_env_CPPFLAGS_set=
ac_cv_env_CPPFLAGS_value=
ac_cv_env_CPP_set=
ac_cv_env_CPP_value=
ac_cv_env_CXXCPP_set=
ac_cv_env_CXXCPP_value=
ac_cv_env_CXXFLAGS_set=
ac_cv_env_CXXFLAGS_value=
ac_cv_env_CXX_set=
ac_cv_env_CXX_value=
ac_cv_env_LDFLAGS_set=
ac_cv_env_LDFLAGS_value=
ac_cv_env_LIBS_set=
ac_cv_env_LIBS_value=
ac_cv_env_build_alias_set=
ac_cv_env_build_alias_value=
ac_cv_env_host_alias_set=
ac_cv_env_host_alias_value=
ac_cv_env_target_alias_set=
ac_cv_env_target_alias_value=
ac_cv_header_dlfcn_h=yes
ac_cv_header_inttypes_h=yes
ac_cv_header_memory_h=yes
ac_cv_header_stdc=yes
ac_cv_header_stdint_h=yes
ac_cv_header_stdlib_h=yes
ac_cv_header_string_h=yes
ac_cv_header_strings_h=yes
ac_cv_header_sys_stat_h=yes
ac_cv_header_sys_types_h=yes
ac_cv_header_unistd_h=yes
ac_cv_host=x86_64-unknown-linux-gnu
ac_cv_objext=o
ac_cv_path_EGREP='/bin/grep -E'
ac_cv_path_FGREP='/bin/grep -F'
ac_cv_path_GREP=/bin/grep
ac_cv_path_SED=/bin/sed
ac_cv_path_install='/usr/bin/install -c'
ac_cv_path_mkdir=/bin/mkdir
ac_cv_prog_AWK=mawk
ac_cv_prog_CPP='gcc -E'
ac_cv_prog_CXXCPP='g++ -E'
ac_cv_prog_ac_ct_AR=ar
ac_cv_prog_ac_ct_CC=gcc
ac_cv_prog_ac_ct_CXX=g++
ac_cv_prog_ac_ct_OBJDUMP=objdump
ac_cv_prog_ac_ct_RANLIB=ranlib
ac_cv_prog_ac_ct_STRIP=strip
ac_cv_prog_cc_c89=
ac_cv_prog_cc_g=yes
ac_cv_prog_cxx_g=yes
ac_cv_prog_make_make_set=yes
am_cv_CC_dependencies_compiler_type=gcc3
am_cv_CXX_dependencies_compiler_type=gcc3
lt_cv_deplibs_check_method=pass_all
lt_cv_file_magic_cmd='$MAGIC_CMD'
lt_cv_file_magic_test_file=
lt_cv_ld_reload_flag=-r
lt_cv_nm_interface='BSD nm'
lt_cv_objdir=.libs
lt_cv_path_LD=/usr/bin/ld
lt_cv_path_LDCXX='/usr/bin/ld -m elf_x86_64'
lt_cv_path_NM='/usr/bin/nm -B'
lt_cv_prog_compiler_c_o=yes
lt_cv_prog_compiler_c_o_CXX=yes
lt_cv_prog_compiler_pic_works=yes
lt_cv_prog_compiler_pic_works_CXX=yes
lt_cv_prog_compiler_rtti_exceptions=no
lt_cv_prog_compiler_static_works=yes
lt_cv_prog_compiler_static_works_CXX=no
lt_cv_prog_gnu_ld=yes
lt_cv_prog_gnu_ldcxx=yes
lt_cv_sys_global_symbol_pipe='sed -n -e '\''s/^.*[	 ]\([ABCDGIRSTW][ABCDGIRSTW]*\)[	 ][	 ]*\([_A-Za-z][_A-Za-z0-9]*\)$/\1 \2 \2/p'\'''
lt_cv_sys_global_symbol_to_c_name_address='sed -n -e '\''s/^: \([^ ]*\) $/  {\"\1\", (void *) 0},/p'\'' -e '\''s/^[ABCDGIRSTW]* \([^ ]*\) \([^ ]*\)$/  {"\2", (void *) \&\2},/p'\'''
lt_cv_sys_global_symbol_to_c_name_address_lib_prefix='sed -n -e '\''s/^: \([^ ]*\) $/  {\"\1\", (void *) 0},/p'\'' -e '\''s/^[ABCDGIRSTW]* \([^ ]*\) \(lib[^ ]*\)$/  {"\2", (void *) \&\2},/p'\'' -e '\''s/^[ABCDGIRSTW]* \([^ ]*\) \([^ ]*\)$/  {"lib\2", (void *) \&\2},/p'\'''
lt_cv_sys_global_symbol_to_cdecl='sed -n -e '\''s/^T .* \(.*\)$/extern int \1();/p'\'' -e '\''s/^[ABCDGIRSTW]* .* \(.*\)$/extern char \1;/p'\'''
lt_cv_sys_max_cmd_len=3458764513820540925

## ----------------- ##
## Output variables. ##
## ----------------- ##

ACLOCAL='${SHELL} /data/home/harald/workspace_java/TissueStack/src/c/missing --run aclocal-1.11'
AMDEPBACKSLASH='\'
AMDEP_FALSE='#'
AMDEP_TRUE=''
AMTAR='${SHELL} /data/home/harald/workspace_java/TissueStack/src/c/missing --run tar'
AR='ar'
AUTOCONF='${SHELL} /data/home/harald/workspace_java/TissueStack/src/c/missing --run autoconf'
AUTOHEADER='${SHELL} /data/home/harald/workspace_java/TissueStack/src/c/missing --run autoheader'
AUTOMAKE='${SHELL} /data/home/harald/workspace_java/TissueStack/src/c/missing --run automake-1.11'
AWK='mawk'
CC='gcc'
CCDEPMODE='depmode=gcc3'
CFLAGS='-g -O2'
CPP='gcc -E'
CPPFLAGS=''
CXX='g++'
CXXCPP='g++ -E'
CXXDEPMODE='depmode=gcc3'
CXXFLAGS=' -g -Wall -lstdc++ -lm -shared -I/usr/local/bic/include -I/usr/local/bic/include -lminc2 -lvolume_io2'
CYGPATH_W='echo'
DEFS='-DPACKAGE_NAME=\"TissueStack\" -DPACKAGE_TARNAME=\"tissuestack\" -DPACKAGE_VERSION=\"1.0\" -DPACKAGE_STRING=\"TissueStack\ 1.0\" -DPACKAGE_BUGREPORT=\"harald.waxenegger@gmail.com\" -DPACKAGE_URL=\"\" -DPACKAGE=\"tissuestack\" -DVERSION=\"1.0\" -DSTDC_HEADERS=1 -DHAVE_SYS_TYPES_H=1 -DHAVE_SYS_STAT_H=1 -DHAVE_STDLIB_H=1 -DHAVE_STRING_H=1 -DHAVE_MEMORY_H=1 -DHAVE_STRINGS_H=1 -DHAVE_INTTYPES_H=1 -DHAVE_STDINT_H=1 -DHAVE_UNISTD_H=1 -DHAVE_DLFCN_H=1 -DLT_OBJDIR=\".libs/\"'
DEPDIR='.deps'
DSYMUTIL=''
DUMPBIN=''
ECHO_C=''
ECHO_N='-n'
ECHO_T=''
EGREP='/bin/grep -E'
EXEEXT=''
FGREP='/bin/grep -F'
GREP='/bin/grep'
INSTALL_DATA='${INSTALL} -m 644'
INSTALL_PROGRAM='${INSTALL}'
INSTALL_SCRIPT='${INSTALL}'
INSTALL_STRIP_PROGRAM='$(install_sh) -c -s'
LD='/usr/bin/ld -m elf_x86_64'
LDFLAGS=''
LIBOBJS=''
LIBS=''
LIBTOOL='$(SHELL) $(top_builddir)/libtool'
LIPO=''
LN_S='ln -s'
LTLIBOBJS=''
MAKEINFO='${SHELL} /data/home/harald/workspace_java/TissueStack/src/c/missing --run makeinfo'
MINC2_CFLAGS='-I/usr/local/bic/include'
MINC2_LIBS='-lminc2 -lvolume_io2'
MKDIR_P='/bin/mkdir -p'
NM='/usr/bin/nm -B'
NMEDIT=''
OBJDUMP='objdump'
OBJEXT='o'
OTOOL64=''
OTOOL=''
PACKAGE='tissuestack'
PACKAGE_BUGREPORT='harald.waxenegger@gmail.com'
PACKAGE_NAME='TissueStack'
PACKAGE_STRING='TissueStack 1.0'
PACKAGE_TARNAME='tissuestack'
PACKAGE_URL=''
PACKAGE_VERSION='1.0'
PATH_SEPARATOR=':'
RANLIB='ranlib'
SED='/bin/sed'
SET_MAKE=''
SHELL='/bin/bash'
STRIP='strip'
VERSION='1.0'
ac_ct_CC='gcc'
ac_ct_CXX='g++'
ac_ct_DUMPBIN=''
am__EXEEXT_FALSE=''
am__EXEEXT_TRUE='#'
am__fastdepCC_FALSE='#'
am__fastdepCC_TRUE=''
am__fastdepCXX_FALSE='#'
am__fastdepCXX_TRUE=''
am__include='include'
am__isrc=''
am__leading_dot='.'
am__quote=''
am__tar='${AMTAR} chof - "$$tardir"'
am__untar='${AMTAR} xf -'
bindir='${exec_prefix}/bin'
build='x86_64-unknown-linux-gnu'
build_alias=''
build_cpu='x86_64'
build_os='linux-gnu'
build_vendor='unknown'
datadir='${datarootdir}'
datarootdir='${prefix}/share'
docdir='${datarootdir}/doc/${PACKAGE_TARNAME}'
dvidir='${docdir}'
exec_prefix='${prefix}'
host='x86_64-unknown-linux-gnu'
host_alias=''
host_cpu='x86_64'
host_os='linux-gnu'
host_vendor='unknown'
htmldir='${docdir}'
includedir='${prefix}/include'
infodir='${datarootdir}/info'
install_sh='${SHELL} /data/home/harald/workspace_java/TissueStack/src/c/install-sh'
libdir='${exec_prefix}/lib'
libexecdir='${exec_prefix}/libexec'
localedir='${datarootdir}/locale'
localstatedir='${prefix}/var'
lt_ECHO='echo'
mandir='${datarootdir}/man'
mkdir_p='/bin/mkdir -p'
oldincludedir='/usr/include'
pdfdir='${docdir}'
prefix='/usr/local'
program_transform_name='s,x,x,'
psdir='${docdir}'
sbindir='${exec_prefix}/sbin'
sharedstatedir='${prefix}/com'
sysconfdir='${prefix}/etc'
target_alias=''

## ----------- ##
## confdefs.h. ##
## ----------- ##

/* confdefs.h */
#define PACKAGE_NAME "TissueStack"
#define PACKAGE_TARNAME "tissuestack"
#define PACKAGE_VERSION "1.0"
#define PACKAGE_STRING "TissueStack 1.0"
#define PACKAGE_BUGREPORT "harald.waxenegger@gmail.com"
#define PACKAGE_URL ""
#define PACKAGE "tissuestack"
#define VERSION "1.0"
#define STDC_HEADERS 1
#define HAVE_SYS_TYPES_H 1
#define HAVE_SYS_STAT_H 1
#define HAVE_STDLIB_H 1
#define HAVE_STRING_H 1
#define HAVE_MEMORY_H 1
#define HAVE_STRINGS_H 1
#define HAVE_INTTYPES_H 1
#define HAVE_STDINT_H 1
#define HAVE_UNISTD_H 1
#define HAVE_DLFCN_H 1
#define LT_OBJDIR ".libs/"

configure: exit 0

## ---------------------- ##
## Running config.status. ##
## ---------------------- ##

This file was extended by TissueStack config.status 1.0, which was
generated by GNU Autoconf 2.67.  Invocation command line was

  CONFIG_FILES    = 
  CONFIG_HEADERS  = 
  CONFIG_LINKS    = 
  CONFIG_COMMANDS = 
  $ ./config.status 

on cai-george.cai.uq.edu.au

config.status:1055: creating Makefile
config.status:1226: executing depfiles commands
config.status:1226: executing libtool commands
